TN:
SF:core/database.js
FN:3,initDatabase
FNF:1
FNH:1
FNDA:2,initDatabase
DA:1,1
DA:4,2
DA:5,2
DA:6,0
DA:9,2
DA:14,1
DA:15,1
DA:19,1
LF:8
LH:7
BRDA:5,0,0,0
BRDA:5,0,1,2
BRF:2
BRH:1
end_of_record
TN:
SF:core/trading-engine.js
FN:3,initBot
FNF:1
FNH:1
FNDA:3,initBot
DA:1,1
DA:4,3
DA:5,3
DA:6,0
DA:9,3
DA:13,3
DA:14,1
DA:17,2
DA:18,1
DA:22,1
DA:23,1
DA:24,0
DA:27,1
DA:29,2
DA:30,2
DA:34,1
LF:16
LH:14
BRDA:5,0,0,0
BRDA:5,0,1,3
BRDA:5,1,0,3
BRDA:5,1,1,3
BRDA:9,2,0,0
BRDA:9,2,1,3
BRDA:13,3,0,1
BRDA:13,3,1,2
BRDA:13,4,0,3
BRDA:13,4,1,3
BRDA:23,5,0,0
BRDA:23,5,1,1
BRF:12
BRH:9
end_of_record
